<?xml version="1.0" encoding="UTF-8"?>
<!-- Generated by org.testng.reporters.JUnitReportReporter -->
<testsuite hostname="DESKTOP-EMFCA0S" name="employee.testcases.TC002_Get_Single_Employees_Record" tests="5" failures="0" timestamp="19 Aug 2022 08:30:32 GMT" time="0.009" errors="0">
  <testcase name="checkStatusLine" time="0.001" classname="employee.testcases.TC002_Get_Single_Employees_Record"/>
  <testcase name="checkStatusCode" time="0.002" classname="employee.testcases.TC002_Get_Single_Employees_Record"/>
  <testcase name="checkContentLength" time="0.001" classname="employee.testcases.TC002_Get_Single_Employees_Record"/>
  <testcase name="checkResponseBody" time="0.003" classname="employee.testcases.TC002_Get_Single_Employees_Record"/>
  <testcase name="checkContentType" time="0.002" classname="employee.testcases.TC002_Get_Single_Employees_Record"/>
</testsuite> <!-- employee.testcases.TC002_Get_Single_Employees_Record -->
