<?xml version="1.0" encoding="UTF-8"?>
<!-- Generated by org.testng.reporters.JUnitReportReporter -->
<testsuite hostname="DESKTOP-EMFCA0S" name="employee.testcases.TC003_Post_Employee" tests="4" failures="0" timestamp="19 Aug 2022 08:30:32 GMT" time="0.047" errors="0">
  <testcase name="checkStatusCode" time="0.003" classname="employee.testcases.TC003_Post_Employee"/>
  <testcase name="checkContentType" time="0.015" classname="employee.testcases.TC003_Post_Employee"/>
  <testcase name="checkStatusLine" time="0.001" classname="employee.testcases.TC003_Post_Employee"/>
  <testcase name="checkResponseBody" time="0.028" classname="employee.testcases.TC003_Post_Employee"/>
</testsuite> <!-- employee.testcases.TC003_Post_Employee -->
