<?xml version="1.0" encoding="UTF-8"?>
<!-- Generated by org.testng.reporters.JUnitReportReporter -->
<testsuite hostname="DESKTOP-EMFCA0S" name="employee.testcases.TC001_Get_All_Employees" tests="7" failures="0" timestamp="19 Aug 2022 08:30:32 GMT" time="0.025" errors="0">
  <testcase name="checkStatusCode" time="0.001" classname="employee.testcases.TC001_Get_All_Employees"/>
  <testcase name="checkStatusLine" time="0.002" classname="employee.testcases.TC001_Get_All_Employees"/>
  <testcase name="checkCookies" time="0.002" classname="employee.testcases.TC001_Get_All_Employees"/>
  <testcase name="checkResponseBody" time="0.004" classname="employee.testcases.TC001_Get_All_Employees"/>
  <testcase name="checkContentLength" time="0.002" classname="employee.testcases.TC001_Get_All_Employees"/>
  <testcase name="checkContentType" time="0.002" classname="employee.testcases.TC001_Get_All_Employees"/>
  <testcase name="checkResponseTime" time="0.012" classname="employee.testcases.TC001_Get_All_Employees"/>
</testsuite> <!-- employee.testcases.TC001_Get_All_Employees -->
