<?xml version="1.0" encoding="UTF-8"?>
<!-- Generated by org.testng.reporters.JUnitReportReporter -->
<testsuite hostname="DESKTOP-EMFCA0S" name="employee.testcases.TC005_Delete_Employee_Record" tests="5" failures="0" timestamp="12 Aug 2022 12:31:50 GMT" time="0.014" errors="0">
  <testcase name="checkcontentlength" time="0.002" classname="employee.testcases.TC005_Delete_Employee_Record"/>
  <testcase name="checkResponseBody" time="0.007" classname="employee.testcases.TC005_Delete_Employee_Record"/>
  <testcase name="checkContentType" time="0.001" classname="employee.testcases.TC005_Delete_Employee_Record"/>
  <testcase name="checkStatusLine" time="0.003" classname="employee.testcases.TC005_Delete_Employee_Record"/>
  <testcase name="checkStatusCode" time="0.001" classname="employee.testcases.TC005_Delete_Employee_Record"/>
</testsuite> <!-- employee.testcases.TC005_Delete_Employee_Record -->
